<?xml version="1.0" encoding="UTF-8"?>
<!-- Generated by org.testng.reporters.JUnitReportReporter -->
<testsuite hostname="ashishsri" failures="0" tests="1" name="AllTestCases.LoginVerify" time="0.296" errors="0" timestamp="2023-04-30T11:55:05 IST" skipped="0">
  <testcase classname="AllTestCases.LoginVerify" name="VerifyLogin" time="0.296"/>
  <system-out/>
</testsuite> <!-- AllTestCases.LoginVerify -->
